Fetching 128 files:   0%|          | 0/128 [00:00<?, ?it/s]Downloading 'data/chunk-000/episode_000003.parquet' to 'demo_data/recode-bimanual-red-block-basket-v2.1/.cache/huggingface/download/data/chunk-000/I4KmEhnhp7DGsGV1cF9fTGwH1Z8=.c3d14b41381394d177b876729260f8914f375f27e9c6ff45cfa3dfd38d35eafb.incomplete'
Downloading 'README.md' to 'demo_data/recode-bimanual-red-block-basket-v2.1/.cache/huggingface/download/Xn7B-BWUGOee2Y6hCZtEhtFu4BE=.7b95401dc46245ac339fc25059d4a56d90b4cde5.incomplete'
Download complete. Moving file to demo_data/recode-bimanual-red-block-basket-v2.1/README.md
Downloading '.gitattributes' to 'demo_data/recode-bimanual-red-block-basket-v2.1/.cache/huggingface/download/wPaCkH-WbT7GsmxMKKrNZTV4nSM=.1ef325f1b111266a6b26e0196871bd78baa8c2f3.incomplete'
Downloading 'data/chunk-000/episode_000005.parquet' to 'demo_data/recode-bimanual-red-block-basket-v2.1/.cache/huggingface/download/data/chunk-000/-SK4qvRTwf8GI3UnEqFxvRjn4fA=.33148d4c335d861c5afa8952ec790f37643d5b19c0f70462d5414c111c00e87b.incomplete'
Downloading 'data/chunk-000/episode_000004.parquet' to 'demo_data/recode-bimanual-red-block-basket-v2.1/.cache/huggingface/download/data/chunk-000/jFtolRe5Vvw8HkW1jrJcK1IP93I=.cd3e95508c30c70a9d4feeea7c72508c3e508935557f1b7052847d85712ef44a.incomplete'
Downloading 'data/chunk-000/episode_000001.parquet' to 'demo_data/recode-bimanual-red-block-basket-v2.1/.cache/huggingface/download/data/chunk-000/VextNUIRmXdKTDFi2d6W2hth3P4=.781fe20f330fb680e90560fff0da53dc350ca2014836a9cbc1d48bf3a97f64cf.incomplete'
Download complete. Moving file to demo_data/recode-bimanual-red-block-basket-v2.1/.gitattributes
Fetching 128 files:   1%|          | 1/128 [00:00<00:17,  7.44it/s]Downloading 'data/chunk-000/episode_000006.parquet' to 'demo_data/recode-bimanual-red-block-basket-v2.1/.cache/huggingface/download/data/chunk-000/oo-hXxuwhJ7RGGbeILD7o43Hu6o=.2932e5592f39145aa143bca735d68350da6ca3b0a19e0cd6b62f624c82923ce6.incomplete'
Downloading 'data/chunk-000/episode_000002.parquet' to 'demo_data/recode-bimanual-red-block-basket-v2.1/.cache/huggingface/download/data/chunk-000/OSyyJRwGKrO_YFS2cpjykP4P8nE=.9120b1c6dfd1e1a3249b91abee5bb665132b6f3c6f9d0eab528c93b66efff06a.incomplete'
Downloading 'data/chunk-000/episode_000000.parquet' to 'demo_data/recode-bimanual-red-block-basket-v2.1/.cache/huggingface/download/data/chunk-000/cNsBuwyxGLgaOECPx2lW57L780o=.8e766f8bd9a09898874bc4ceb84f5b31c89d46f52a6087d6180665103258f659.incomplete'
Downloading 'data/chunk-000/episode_000007.parquet' to 'demo_data/recode-bimanual-red-block-basket-v2.1/.cache/huggingface/download/data/chunk-000/1d533h4ypW6i_-P9ejcguxrCaPM=.a9185d1a0349aa605d49e540ec66e8f7df1a23ae2231019653f9b7036f488011.incomplete'
Download complete. Moving file to demo_data/recode-bimanual-red-block-basket-v2.1/data/chunk-000/episode_000007.parquet
Download complete. Moving file to demo_data/recode-bimanual-red-block-basket-v2.1/data/chunk-000/episode_000005.parquet
Download complete. Moving file to demo_data/recode-bimanual-red-block-basket-v2.1/data/chunk-000/episode_000003.parquet
Download complete. Moving file to demo_data/recode-bimanual-red-block-basket-v2.1/data/chunk-000/episode_000002.parquet
Download complete. Moving file to demo_data/recode-bimanual-red-block-basket-v2.1/data/chunk-000/episode_000004.parquet
Download complete. Moving file to demo_data/recode-bimanual-red-block-basket-v2.1/data/chunk-000/episode_000001.parquet
Download complete. Moving file to demo_data/recode-bimanual-red-block-basket-v2.1/data/chunk-000/episode_000006.parquet
Downloading 'data/chunk-000/episode_000008.parquet' to 'demo_data/recode-bimanual-red-block-basket-v2.1/.cache/huggingface/download/data/chunk-000/FNURp8HeA8-i1yewJ18DZKy6hBE=.59f7d5d56272b335abcb1257ef2de031178b93044642e0391a406715e533da10.incomplete'
Downloading 'data/chunk-000/episode_000009.parquet' to 'demo_data/recode-bimanual-red-block-basket-v2.1/.cache/huggingface/download/data/chunk-000/L1U0W438Fu_YRcBknvo4psb4yGo=.c4d6e2f28d1e2c2b556db8f14d637ff7b2ee472c5a9d415cc6dfcc982ebcd4b7.incomplete'
Downloading 'data/chunk-000/episode_000011.parquet' to 'demo_data/recode-bimanual-red-block-basket-v2.1/.cache/huggingface/download/data/chunk-000/JQ2X4gG6nwj5wZMKNyFm_75pPUk=.26895bc3615a21203d29f765b98c96852c91cd56359cda676be7f1a635761672.incomplete'
Downloading 'data/chunk-000/episode_000010.parquet' to 'demo_data/recode-bimanual-red-block-basket-v2.1/.cache/huggingface/download/data/chunk-000/rsLn5BGebIIw3IlGoKoDqdbDfJY=.2ea155f58fa3e6872a5b8c3bf74163dcbe0e3118f9d85ec335a2b41d6a970add.incomplete'
Downloading 'data/chunk-000/episode_000014.parquet' to 'demo_data/recode-bimanual-red-block-basket-v2.1/.cache/huggingface/download/data/chunk-000/A0l4hNmU7lRjoEk64OZsJbvpci0=.85b907a25702ee169a586f191e0372474bd2cf420dca2258c1057e90f0e3c5c1.incomplete'
Download complete. Moving file to demo_data/recode-bimanual-red-block-basket-v2.1/data/chunk-000/episode_000000.parquet
Fetching 128 files:   2%|▏         | 3/128 [00:00<00:17,  6.97it/s]Downloading 'data/chunk-000/episode_000013.parquet' to 'demo_data/recode-bimanual-red-block-basket-v2.1/.cache/huggingface/download/data/chunk-000/P7NzDX_I7S6_SWyl55hM3vUUTys=.f95c244d988934a2f6498047468438083b073f43298e4b3ae940420a6d34822d.incomplete'
Downloading 'data/chunk-000/episode_000015.parquet' to 'demo_data/recode-bimanual-red-block-basket-v2.1/.cache/huggingface/download/data/chunk-000/u8GZgFEljpyIUPL_IlWveQkE4bs=.bc6fe2cd5d924efe499d801b1d1b4df6ac7059d56e76b5229798dbee95169d81.incomplete'
Downloading 'data/chunk-000/episode_000012.parquet' to 'demo_data/recode-bimanual-red-block-basket-v2.1/.cache/huggingface/download/data/chunk-000/TPqbhsWoatE4yKHw2We8Qg8XB3E=.5854e4d516ac2388242af6778737401f41a1266b60cf00a46effda29b0267814.incomplete'
Download complete. Moving file to demo_data/recode-bimanual-red-block-basket-v2.1/data/chunk-000/episode_000008.parquet
Download complete. Moving file to demo_data/recode-bimanual-red-block-basket-v2.1/data/chunk-000/episode_000009.parquet
Fetching 128 files:   9%|▉         | 12/128 [00:00<00:03, 29.32it/s]Download complete. Moving file to demo_data/recode-bimanual-red-block-basket-v2.1/data/chunk-000/episode_000011.parquet
Download complete. Moving file to demo_data/recode-bimanual-red-block-basket-v2.1/data/chunk-000/episode_000013.parquet
Download complete. Moving file to demo_data/recode-bimanual-red-block-basket-v2.1/data/chunk-000/episode_000010.parquet
Downloading 'data/chunk-000/episode_000016.parquet' to 'demo_data/recode-bimanual-red-block-basket-v2.1/.cache/huggingface/download/data/chunk-000/rQy_R7aepl1p-x8IAbvG49rmwXI=.05078f50aad7ad212df93ab1885ab189883e57f3f5299d57ff7faa294ceef84b.incomplete'
Downloading 'data/chunk-000/episode_000017.parquet' to 'demo_data/recode-bimanual-red-block-basket-v2.1/.cache/huggingface/download/data/chunk-000/ozqif_TQP2X1DHgMmtW6yBPBUqo=.e48d762537b40d128770f002279d78a1eab55df70c40427d7cca4d46d5c1d514.incomplete'
Downloading 'data/chunk-000/episode_000018.parquet' to 'demo_data/recode-bimanual-red-block-basket-v2.1/.cache/huggingface/download/data/chunk-000/6biO3olOD5nJEJQBi-EJJYTOyn4=.2595bcd9f8f0c902dd2ac314e18a226d531becfa38fcf8815db6e272c46b7944.incomplete'
Downloading 'data/chunk-000/episode_000019.parquet' to 'demo_data/recode-bimanual-red-block-basket-v2.1/.cache/huggingface/download/data/chunk-000/DicwzzxqerJmAskDiOn4wMk3ozw=.0f93f2582d5e6e9ffbaace5ba9d50f9118665108d98fc61225c1ac0a716d6bda.incomplete'
Download complete. Moving file to demo_data/recode-bimanual-red-block-basket-v2.1/data/chunk-000/episode_000015.parquet
Downloading 'data/chunk-000/episode_000020.parquet' to 'demo_data/recode-bimanual-red-block-basket-v2.1/.cache/huggingface/download/data/chunk-000/kAnA1JDRWpD44_jOoqBhQvr8yao=.470fdfbf0b30001ee68e0412cacdb1be5ffbeabe6c07949eee63eabb7f25d63d.incomplete'
Download complete. Moving file to demo_data/recode-bimanual-red-block-basket-v2.1/data/chunk-000/episode_000012.parquet
Downloading 'data/chunk-000/episode_000021.parquet' to 'demo_data/recode-bimanual-red-block-basket-v2.1/.cache/huggingface/download/data/chunk-000/X1vFYaaQ6l2TZRowcx6SWVPcMmE=.ebe83c37c5776f0f977490434e0dc2c27e4264683e7a183ba377c38099f3d251.incomplete'
Downloading 'data/chunk-000/episode_000022.parquet' to 'demo_data/recode-bimanual-red-block-basket-v2.1/.cache/huggingface/download/data/chunk-000/P3usDF3yP4AtWArpIDLVQz6VO3I=.fce49afde417fb71162efa3d0ab2e967ab011e5e7bad8f81239fae6326677f75.incomplete'
Download complete. Moving file to demo_data/recode-bimanual-red-block-basket-v2.1/data/chunk-000/episode_000016.parquet
Download complete. Moving file to demo_data/recode-bimanual-red-block-basket-v2.1/data/chunk-000/episode_000018.parquet
Download complete. Moving file to demo_data/recode-bimanual-red-block-basket-v2.1/data/chunk-000/episode_000017.parquet
Download complete. Moving file to demo_data/recode-bimanual-red-block-basket-v2.1/data/chunk-000/episode_000014.parquet
Fetching 128 files:  13%|█▎        | 17/128 [00:00<00:03, 29.14it/s]Download complete. Moving file to demo_data/recode-bimanual-red-block-basket-v2.1/data/chunk-000/episode_000019.parquet
Downloading 'data/chunk-000/episode_000023.parquet' to 'demo_data/recode-bimanual-red-block-basket-v2.1/.cache/huggingface/download/data/chunk-000/hfUp9qsRjsaz10T0r_kxUJb1PzM=.8fc3ecdd66e69726b99e21f74c14e83181d01697ddcea25515fbefb6bf58b1af.incomplete'
Downloading 'data/chunk-000/episode_000025.parquet' to 'demo_data/recode-bimanual-red-block-basket-v2.1/.cache/huggingface/download/data/chunk-000/9UxJgHTg9tsGuPYDdr_du6ahv9I=.dc4f27b61bbd0740bc758b26b997c9c535b1ef4c9876210a74094c85c75a64dc.incomplete'
Download complete. Moving file to demo_data/recode-bimanual-red-block-basket-v2.1/data/chunk-000/episode_000020.parquet
Downloading 'data/chunk-000/episode_000024.parquet' to 'demo_data/recode-bimanual-red-block-basket-v2.1/.cache/huggingface/download/data/chunk-000/JQOCHO9v0JM9H6i9avhztzFxn54=.e7ea372dab9982990e53177f8f1ae67d0d1f1b26e639a21c692905bf370aebcc.incomplete'
Downloading 'data/chunk-000/episode_000026.parquet' to 'demo_data/recode-bimanual-red-block-basket-v2.1/.cache/huggingface/download/data/chunk-000/XqhQ3OuXph8ZzfbQ938Ih0Br1BA=.fe3846ac88063295f91e0874f4278dfc9028d73ae35c8961630872be51cce683.incomplete'
Download complete. Moving file to demo_data/recode-bimanual-red-block-basket-v2.1/data/chunk-000/episode_000021.parquet
Downloading 'data/chunk-000/episode_000027.parquet' to 'demo_data/recode-bimanual-red-block-basket-v2.1/.cache/huggingface/download/data/chunk-000/oghbAfzL0dQC8G9LIkthTnv6kKs=.36ef3d7459f5737082770ff1e6bd5b846275c64185874050674c3b1d6d2d0eae.incomplete'
Downloading 'data/chunk-000/episode_000028.parquet' to 'demo_data/recode-bimanual-red-block-basket-v2.1/.cache/huggingface/download/data/chunk-000/Qt39NVoiIe3SlqER6VbVFooiBUI=.350fc4e134a14c553b0d2b5042e32a0fb7f667131483dd34c143d2a7858c32c2.incomplete'
Downloading 'data/chunk-000/episode_000029.parquet' to 'demo_data/recode-bimanual-red-block-basket-v2.1/.cache/huggingface/download/data/chunk-000/opdxwt05yqhVvDzrD6x5U-Z9mCk=.e848b71e544fe6ca7cf257c9bc3a6f2ec734d7af9f46e7f21f8944ece218b7b9.incomplete'
Download complete. Moving file to demo_data/recode-bimanual-red-block-basket-v2.1/data/chunk-000/episode_000022.parquet
Download complete. Moving file to demo_data/recode-bimanual-red-block-basket-v2.1/data/chunk-000/episode_000025.parquet
Downloading 'meta/episodes.jsonl' to 'demo_data/recode-bimanual-red-block-basket-v2.1/.cache/huggingface/download/meta/Xr2m2iHl-ydc-mHHfOvaRU5pi6o=.aa158218441b477a73cc57e32265f85242fe1a34.incomplete'
Download complete. Moving file to demo_data/recode-bimanual-red-block-basket-v2.1/meta/episodes.jsonl
Download complete. Moving file to demo_data/recode-bimanual-red-block-basket-v2.1/data/chunk-000/episode_000023.parquet
Fetching 128 files:  20%|██        | 26/128 [00:00<00:02, 39.83it/s]Download complete. Moving file to demo_data/recode-bimanual-red-block-basket-v2.1/data/chunk-000/episode_000026.parquet
Download complete. Moving file to demo_data/recode-bimanual-red-block-basket-v2.1/data/chunk-000/episode_000024.parquet
Downloading 'meta/episodes_stats.jsonl' to 'demo_data/recode-bimanual-red-block-basket-v2.1/.cache/huggingface/download/meta/OSV6LZWLsNGAwnFDfYELN9vNGMw=.84057d4824c71f014444615b9baaeebe436ee088.incomplete'
Download complete. Moving file to demo_data/recode-bimanual-red-block-basket-v2.1/data/chunk-000/episode_000027.parquet
Downloading 'meta/info.json' to 'demo_data/recode-bimanual-red-block-basket-v2.1/.cache/huggingface/download/meta/c-Q9HGFI0JpMTOZ5pylhXwaYu2U=.bfd6ac9719e46f2fe555cac8d9661f646a7a3b36.incomplete'
Download complete. Moving file to demo_data/recode-bimanual-red-block-basket-v2.1/meta/info.json
Download complete. Moving file to demo_data/recode-bimanual-red-block-basket-v2.1/meta/episodes_stats.jsonl
Downloading 'meta/modality.json' to 'demo_data/recode-bimanual-red-block-basket-v2.1/.cache/huggingface/download/meta/4pP0OHazdVGtj_RA_eCnHI58C4g=.6103f685508fc0bce6f314c3ed53072b380cb1fb.incomplete'
Download complete. Moving file to demo_data/recode-bimanual-red-block-basket-v2.1/data/chunk-000/episode_000028.parquet
Downloading 'meta/stats.json' to 'demo_data/recode-bimanual-red-block-basket-v2.1/.cache/huggingface/download/meta/b96sC8rCl6ISzlk4iRUGFDDYzCg=.f21c0bd8b8cd67dbb9f1422036b03d7884caddd4.incomplete'
Downloading 'meta/tasks.jsonl' to 'demo_data/recode-bimanual-red-block-basket-v2.1/.cache/huggingface/download/meta/NzWDcOlnTQhMC9idVZndPYjQOjQ=.30a59f5842355ea2cdfe919201a0733e9f5a1b3e.incomplete'
Download complete. Moving file to demo_data/recode-bimanual-red-block-basket-v2.1/data/chunk-000/episode_000029.parquet
Download complete. Moving file to demo_data/recode-bimanual-red-block-basket-v2.1/meta/modality.json
Download complete. Moving file to demo_data/recode-bimanual-red-block-basket-v2.1/meta/stats.json
Download complete. Moving file to demo_data/recode-bimanual-red-block-basket-v2.1/meta/tasks.jsonl
Downloading 'videos/chunk-000/observation.images.left_gripper/episode_000000.mp4' to 'demo_data/recode-bimanual-red-block-basket-v2.1/.cache/huggingface/download/videos/chunk-000/observation.images.left_gripper/imvry3h1zKp82YhY9QWZv1oVwU8=.ccac716ceb688d676d9f0ff982c5a1be0abe0150669dc5588dcb05ca48756d65.incomplete'
Downloading 'videos/chunk-000/observation.images.left_gripper/episode_000001.mp4' to 'demo_data/recode-bimanual-red-block-basket-v2.1/.cache/huggingface/download/videos/chunk-000/observation.images.left_gripper/5ogeEwC9AVE4EHnZMlI0DZQnERU=.9e01f593b030ff1ee97d83e6400f83e9bfdaa55188dadc446d1517e22e75a9c5.incomplete'
Downloading 'videos/chunk-000/observation.images.left_gripper/episode_000002.mp4' to 'demo_data/recode-bimanual-red-block-basket-v2.1/.cache/huggingface/download/videos/chunk-000/observation.images.left_gripper/xMvbgocDq0hz_kCVqoNglajB0rA=.127d9c74ab1e42649b5663f7c63362b22073944f6f56e495284ee26c4145e829.incomplete'
Downloading 'videos/chunk-000/observation.images.left_gripper/episode_000004.mp4' to 'demo_data/recode-bimanual-red-block-basket-v2.1/.cache/huggingface/download/videos/chunk-000/observation.images.left_gripper/JtchEMKBVSF4szBBhQ_pFHao7iE=.df2202fb064964eb2c913dc345c40afb49ad843645f83a2bdbb9eb151f5b34ed.incomplete'
Downloading 'videos/chunk-000/observation.images.left_gripper/episode_000006.mp4' to 'demo_data/recode-bimanual-red-block-basket-v2.1/.cache/huggingface/download/videos/chunk-000/observation.images.left_gripper/BvNeSsQdfCuyiW7MclnHUKasQ1U=.9e66288800bd7cacd8ce7bb340d443d44abfd39bc7765c318815a0996fbc95c9.incomplete'
Downloading 'videos/chunk-000/observation.images.left_gripper/episode_000007.mp4' to 'demo_data/recode-bimanual-red-block-basket-v2.1/.cache/huggingface/download/videos/chunk-000/observation.images.left_gripper/OlS7Fz2Qll3lulobR7dRkNXfOJ8=.ee7334e071ca3d1320910c1627a8020ff0a23415052bb5039bb128e11eb48c34.incomplete'
Downloading 'videos/chunk-000/observation.images.left_gripper/episode_000003.mp4' to 'demo_data/recode-bimanual-red-block-basket-v2.1/.cache/huggingface/download/videos/chunk-000/observation.images.left_gripper/iV5CmXd8QF-JHBkA8sFYzWpKqDQ=.b98c597fcd8f0291dbfd5917d454579753c1e5f0a2f40219d2014e98d9c4d679.incomplete'
Downloading 'videos/chunk-000/observation.images.left_gripper/episode_000005.mp4' to 'demo_data/recode-bimanual-red-block-basket-v2.1/.cache/huggingface/download/videos/chunk-000/observation.images.left_gripper/qx3u-hkClAjgo-ZPan0hEhsmUlo=.b6e6e2eb9da385419d2f5db4e7b184ceca19a35945beea3adbf94c5cf8bd4170.incomplete'
Download complete. Moving file to demo_data/recode-bimanual-red-block-basket-v2.1/videos/chunk-000/observation.images.left_gripper/episode_000000.mp4
Fetching 128 files:  30%|███       | 39/128 [00:01<00:04, 18.14it/s]Download complete. Moving file to demo_data/recode-bimanual-red-block-basket-v2.1/videos/chunk-000/observation.images.left_gripper/episode_000003.mp4
Downloading 'videos/chunk-000/observation.images.left_gripper/episode_000008.mp4' to 'demo_data/recode-bimanual-red-block-basket-v2.1/.cache/huggingface/download/videos/chunk-000/observation.images.left_gripper/ozXBYyi3uo3OHZ43QRhayUyIVcM=.3f7624f6f8ee5920722ca2f862e7ed8c649051bf0dc410523ebf3e9fb8a723da.incomplete'
Downloading 'videos/chunk-000/observation.images.left_gripper/episode_000009.mp4' to 'demo_data/recode-bimanual-red-block-basket-v2.1/.cache/huggingface/download/videos/chunk-000/observation.images.left_gripper/5nRTCWQX4qbZHe4zKYRjz9zk5V4=.ad77d904f5fa7f642a8bda3a9d3f7708ed6d5694fa9b34689b8b5e90f6d03820.incomplete'
Download complete. Moving file to demo_data/recode-bimanual-red-block-basket-v2.1/videos/chunk-000/observation.images.left_gripper/episode_000001.mp4
Downloading 'videos/chunk-000/observation.images.left_gripper/episode_000010.mp4' to 'demo_data/recode-bimanual-red-block-basket-v2.1/.cache/huggingface/download/videos/chunk-000/observation.images.left_gripper/IYOKrRWlmzoXxd1aAzMBaXU5mhk=.5b2aae8e3c62b9dfa04f0a70945d7b0ef9003ea5af3a53eed540c01671a10d21.incomplete'
Download complete. Moving file to demo_data/recode-bimanual-red-block-basket-v2.1/videos/chunk-000/observation.images.left_gripper/episode_000002.mp4
Downloading 'videos/chunk-000/observation.images.left_gripper/episode_000011.mp4' to 'demo_data/recode-bimanual-red-block-basket-v2.1/.cache/huggingface/download/videos/chunk-000/observation.images.left_gripper/Oj7USlBbvcxRmSke9L16fyiHXFc=.bff49bade92127756788c259c2d762be4a797801838699c17ea86e2d7ed99fb6.incomplete'
Download complete. Moving file to demo_data/recode-bimanual-red-block-basket-v2.1/videos/chunk-000/observation.images.left_gripper/episode_000006.mp4
Downloading 'videos/chunk-000/observation.images.left_gripper/episode_000012.mp4' to 'demo_data/recode-bimanual-red-block-basket-v2.1/.cache/huggingface/download/videos/chunk-000/observation.images.left_gripper/xjwvpdTnQ14E0Ss66D_p3HjUbok=.fa4f897a5d32902a7e1414da0d0bab3f9cee9e5a4c0d82fcb740db7b57d384e7.incomplete'
Download complete. Moving file to demo_data/recode-bimanual-red-block-basket-v2.1/videos/chunk-000/observation.images.left_gripper/episode_000004.mp4
Fetching 128 files:  34%|███▎      | 43/128 [00:02<00:07, 11.77it/s]Downloading 'videos/chunk-000/observation.images.left_gripper/episode_000013.mp4' to 'demo_data/recode-bimanual-red-block-basket-v2.1/.cache/huggingface/download/videos/chunk-000/observation.images.left_gripper/Wz3r7oROaqxL_Wup0ZL7mFkIv7Y=.fa31634b445c3f8de61d1c9ed1ad26ef6e8512e62f04a4883b6a99cebc772d4b.incomplete'
Download complete. Moving file to demo_data/recode-bimanual-red-block-basket-v2.1/videos/chunk-000/observation.images.left_gripper/episode_000011.mp4
Downloading 'videos/chunk-000/observation.images.left_gripper/episode_000014.mp4' to 'demo_data/recode-bimanual-red-block-basket-v2.1/.cache/huggingface/download/videos/chunk-000/observation.images.left_gripper/Sv8PaxdMXuwnj3w2vj5lzTdgGjw=.b43a80eb0822537cb44354d6f7929192d7f40f0473e22a390271d62e38ad3bb4.incomplete'
Download complete. Moving file to demo_data/recode-bimanual-red-block-basket-v2.1/videos/chunk-000/observation.images.left_gripper/episode_000009.mp4
Downloading 'videos/chunk-000/observation.images.left_gripper/episode_000015.mp4' to 'demo_data/recode-bimanual-red-block-basket-v2.1/.cache/huggingface/download/videos/chunk-000/observation.images.left_gripper/t-WRHkGwuZM4JEBx2ETgx3Vl-zI=.2294be8cb08314f47f7704c62bef089713cdea2d57c1d856439d17c3562da047.incomplete'
Download complete. Moving file to demo_data/recode-bimanual-red-block-basket-v2.1/videos/chunk-000/observation.images.left_gripper/episode_000007.mp4
Downloading 'videos/chunk-000/observation.images.left_gripper/episode_000016.mp4' to 'demo_data/recode-bimanual-red-block-basket-v2.1/.cache/huggingface/download/videos/chunk-000/observation.images.left_gripper/j2iDxfGamm5mZVXgMANnv2GBmjk=.ddc3ecdddc11b495f9063f772b369991fbdef4aee56801033ff7c9b798c91fb0.incomplete'
Download complete. Moving file to demo_data/recode-bimanual-red-block-basket-v2.1/videos/chunk-000/observation.images.left_gripper/episode_000013.mp4
Downloading 'videos/chunk-000/observation.images.left_gripper/episode_000017.mp4' to 'demo_data/recode-bimanual-red-block-basket-v2.1/.cache/huggingface/download/videos/chunk-000/observation.images.left_gripper/bQkFizHLEq-f7rV3ZUaOz659lFQ=.549c8f13039fa455938ebd54232b78eb809945e163f17735bb459ff141cca1c0.incomplete'
Download complete. Moving file to demo_data/recode-bimanual-red-block-basket-v2.1/videos/chunk-000/observation.images.left_gripper/episode_000010.mp4
Download complete. Moving file to demo_data/recode-bimanual-red-block-basket-v2.1/videos/chunk-000/observation.images.left_gripper/episode_000005.mp4
Fetching 128 files:  36%|███▌      | 46/128 [00:03<00:09,  8.27it/s]Downloading 'videos/chunk-000/observation.images.left_gripper/episode_000018.mp4' to 'demo_data/recode-bimanual-red-block-basket-v2.1/.cache/huggingface/download/videos/chunk-000/observation.images.left_gripper/JWYej9zuSmQi1ebdIyXNtDPHrb4=.17649bb83fcbcc1908869605549ff95d40ae01d4b80f179547feef1eb93cd7a7.incomplete'
Downloading 'videos/chunk-000/observation.images.left_gripper/episode_000019.mp4' to 'demo_data/recode-bimanual-red-block-basket-v2.1/.cache/huggingface/download/videos/chunk-000/observation.images.left_gripper/8MChvrUWaV6JIMgnMkNTH9eXZW4=.c99d4c505b0d282a9d086a64443a2c9887a741ae5071c77d37f52e9c5c7d66c7.incomplete'
Download complete. Moving file to demo_data/recode-bimanual-red-block-basket-v2.1/videos/chunk-000/observation.images.left_gripper/episode_000015.mp4
Downloading 'videos/chunk-000/observation.images.left_gripper/episode_000020.mp4' to 'demo_data/recode-bimanual-red-block-basket-v2.1/.cache/huggingface/download/videos/chunk-000/observation.images.left_gripper/vo7PPKLkGjKJqISzuCGIAXUZfZk=.9b4d618114f0b3a6cd8ecd6bffcf395f7363a39bb02061e3ed7e53da247cc8f8.incomplete'
Download complete. Moving file to demo_data/recode-bimanual-red-block-basket-v2.1/videos/chunk-000/observation.images.left_gripper/episode_000012.mp4
Downloading 'videos/chunk-000/observation.images.left_gripper/episode_000021.mp4' to 'demo_data/recode-bimanual-red-block-basket-v2.1/.cache/huggingface/download/videos/chunk-000/observation.images.left_gripper/PLqGIUEhCQCxuzNkYByYH34AMSc=.79b4944b3dbb06af5c98e77dea6bcaa03837b45e900a725971ce14158a644758.incomplete'
Download complete. Moving file to demo_data/recode-bimanual-red-block-basket-v2.1/videos/chunk-000/observation.images.left_gripper/episode_000017.mp4
Download complete. Moving file to demo_data/recode-bimanual-red-block-basket-v2.1/videos/chunk-000/observation.images.left_gripper/episode_000018.mp4
Downloading 'videos/chunk-000/observation.images.left_gripper/episode_000022.mp4' to 'demo_data/recode-bimanual-red-block-basket-v2.1/.cache/huggingface/download/videos/chunk-000/observation.images.left_gripper/CRJYeBp742y_4Cr4mLrZq0Q6jo4=.8d411ff1f696f0e0183fc2d714d87f2ecf29dcc09745e08e8b2d9dfdc707ce38.incomplete'
Download complete. Moving file to demo_data/recode-bimanual-red-block-basket-v2.1/videos/chunk-000/observation.images.left_gripper/episode_000014.mp4
Downloading 'videos/chunk-000/observation.images.left_gripper/episode_000024.mp4' to 'demo_data/recode-bimanual-red-block-basket-v2.1/.cache/huggingface/download/videos/chunk-000/observation.images.left_gripper/QCv1K2FtjS70UZC7nxqgojyotUo=.bfd6686563c7eeb18cb80d3ee96f04003300e80f24d871b510c5a51e0ffff80f.incomplete'
Download complete. Moving file to demo_data/recode-bimanual-red-block-basket-v2.1/videos/chunk-000/observation.images.left_gripper/episode_000020.mp4
Downloading 'videos/chunk-000/observation.images.left_gripper/episode_000023.mp4' to 'demo_data/recode-bimanual-red-block-basket-v2.1/.cache/huggingface/download/videos/chunk-000/observation.images.left_gripper/vKQnTPMWh-9rieHtW2r4d91QHCg=.b55067a1180aa570caa588d0b3d55f6508b4ad7fc184bffe4f4a962f3c00cae1.incomplete'
Downloading 'videos/chunk-000/observation.images.left_gripper/episode_000025.mp4' to 'demo_data/recode-bimanual-red-block-basket-v2.1/.cache/huggingface/download/videos/chunk-000/observation.images.left_gripper/gP0jZ1ODa3N3x7J2jQxJ3q2aB5w=.efc49ee05f0a04cffeede5896a474166b54c4a409497ead323c149246fa1bc8c.incomplete'
Download complete. Moving file to demo_data/recode-bimanual-red-block-basket-v2.1/videos/chunk-000/observation.images.left_gripper/episode_000024.mp4
Download complete. Moving file to demo_data/recode-bimanual-red-block-basket-v2.1/videos/chunk-000/observation.images.left_gripper/episode_000021.mp4
Download complete. Moving file to demo_data/recode-bimanual-red-block-basket-v2.1/videos/chunk-000/observation.images.left_gripper/episode_000008.mp4
Fetching 128 files:  38%|███▊      | 48/128 [00:04<00:13,  6.14it/s]Downloading 'videos/chunk-000/observation.images.left_gripper/episode_000026.mp4' to 'demo_data/recode-bimanual-red-block-basket-v2.1/.cache/huggingface/download/videos/chunk-000/observation.images.left_gripper/11M6lWw__5EsDS9Z-IcB9rEN9dw=.c18d3f841270b0ecb66723330f36db356f494deb28b75152a18089c5c78de092.incomplete'
Downloading 'videos/chunk-000/observation.images.left_gripper/episode_000027.mp4' to 'demo_data/recode-bimanual-red-block-basket-v2.1/.cache/huggingface/download/videos/chunk-000/observation.images.left_gripper/ZHv8sjn_Zd0yRb7ik0TAqWsT0AE=.0ef193b212c32fd5c7f20469d3443d80c8dea8728e7cc5da39c46f07d63a300a.incomplete'
Downloading 'videos/chunk-000/observation.images.left_gripper/episode_000028.mp4' to 'demo_data/recode-bimanual-red-block-basket-v2.1/.cache/huggingface/download/videos/chunk-000/observation.images.left_gripper/5G2D0IB05WHH1IjzKdFWEULp7nE=.30ed4da4911630240cc0c05150df78b0152f958541bf33e68821d2b8666badee.incomplete'
Download complete. Moving file to demo_data/recode-bimanual-red-block-basket-v2.1/videos/chunk-000/observation.images.left_gripper/episode_000022.mp4
Download complete. Moving file to demo_data/recode-bimanual-red-block-basket-v2.1/videos/chunk-000/observation.images.left_gripper/episode_000019.mp4
Downloading 'videos/chunk-000/observation.images.left_gripper/episode_000029.mp4' to 'demo_data/recode-bimanual-red-block-basket-v2.1/.cache/huggingface/download/videos/chunk-000/observation.images.left_gripper/TT209caBhgeegi7gtpl04L_J8CA=.9c259908749ff1b509c6a04a6ba0fff8c7dc3c55d1cc8a4f7dab9822fd05e44d.incomplete'
Download complete. Moving file to demo_data/recode-bimanual-red-block-basket-v2.1/videos/chunk-000/observation.images.left_gripper/episode_000023.mp4
Downloading 'videos/chunk-000/observation.images.right_gripper/episode_000000.mp4' to 'demo_data/recode-bimanual-red-block-basket-v2.1/.cache/huggingface/download/videos/chunk-000/observation.images.right_gripper/imvry3h1zKp82YhY9QWZv1oVwU8=.2ad511e776edf2b71c3f5edee0b46d804e1b201ba450ec3487192d45f0e1b58a.incomplete'
Download complete. Moving file to demo_data/recode-bimanual-red-block-basket-v2.1/videos/chunk-000/observation.images.left_gripper/episode_000016.mp4
Fetching 128 files:  43%|████▎     | 55/128 [00:04<00:07,  9.45it/s]Downloading 'videos/chunk-000/observation.images.right_gripper/episode_000001.mp4' to 'demo_data/recode-bimanual-red-block-basket-v2.1/.cache/huggingface/download/videos/chunk-000/observation.images.right_gripper/5ogeEwC9AVE4EHnZMlI0DZQnERU=.eaaf9de113bf84119bd8f3a6d7979988e1814154cab06f0095a47f5dd7aaa3f6.incomplete'
Download complete. Moving file to demo_data/recode-bimanual-red-block-basket-v2.1/videos/chunk-000/observation.images.left_gripper/episode_000025.mp4
Downloading 'videos/chunk-000/observation.images.right_gripper/episode_000002.mp4' to 'demo_data/recode-bimanual-red-block-basket-v2.1/.cache/huggingface/download/videos/chunk-000/observation.images.right_gripper/xMvbgocDq0hz_kCVqoNglajB0rA=.c59efc2a4465b9e7149cc1ecbc2a4bcf0450d066ef00196738dfc764f42ebcd7.incomplete'
Download complete. Moving file to demo_data/recode-bimanual-red-block-basket-v2.1/videos/chunk-000/observation.images.left_gripper/episode_000026.mp4
Download complete. Moving file to demo_data/recode-bimanual-red-block-basket-v2.1/videos/chunk-000/observation.images.left_gripper/episode_000028.mp4
Download complete. Moving file to demo_data/recode-bimanual-red-block-basket-v2.1/videos/chunk-000/observation.images.left_gripper/episode_000029.mp4
Downloading 'videos/chunk-000/observation.images.right_gripper/episode_000003.mp4' to 'demo_data/recode-bimanual-red-block-basket-v2.1/.cache/huggingface/download/videos/chunk-000/observation.images.right_gripper/iV5CmXd8QF-JHBkA8sFYzWpKqDQ=.5d212183abe3092b6dc55603a022fbdaeaf4d46305df8dd7c773d9eb3fb1543d.incomplete'
Downloading 'videos/chunk-000/observation.images.right_gripper/episode_000005.mp4' to 'demo_data/recode-bimanual-red-block-basket-v2.1/.cache/huggingface/download/videos/chunk-000/observation.images.right_gripper/qx3u-hkClAjgo-ZPan0hEhsmUlo=.46f60340d7316a155a34f91ebdec54e824167939da04725d0e8c8e4655960ad9.incomplete'
Downloading 'videos/chunk-000/observation.images.right_gripper/episode_000004.mp4' to 'demo_data/recode-bimanual-red-block-basket-v2.1/.cache/huggingface/download/videos/chunk-000/observation.images.right_gripper/JtchEMKBVSF4szBBhQ_pFHao7iE=.e7cbabd66145b70eda54e97c7425536dc095def3712165859d7a85c6e9f1ca8a.incomplete'
Download complete. Moving file to demo_data/recode-bimanual-red-block-basket-v2.1/videos/chunk-000/observation.images.left_gripper/episode_000027.mp4
Fetching 128 files:  52%|█████▏    | 66/128 [00:04<00:03, 16.55it/s]Downloading 'videos/chunk-000/observation.images.right_gripper/episode_000006.mp4' to 'demo_data/recode-bimanual-red-block-basket-v2.1/.cache/huggingface/download/videos/chunk-000/observation.images.right_gripper/BvNeSsQdfCuyiW7MclnHUKasQ1U=.5502a1732c70723ae3e011d0c41d59d5fdedb98bce632e6836c014dc6c31b333.incomplete'
Download complete. Moving file to demo_data/recode-bimanual-red-block-basket-v2.1/videos/chunk-000/observation.images.right_gripper/episode_000000.mp4
Downloading 'videos/chunk-000/observation.images.right_gripper/episode_000007.mp4' to 'demo_data/recode-bimanual-red-block-basket-v2.1/.cache/huggingface/download/videos/chunk-000/observation.images.right_gripper/OlS7Fz2Qll3lulobR7dRkNXfOJ8=.fef0efe99babe855c5378d9949d6455ecc9a715c1f2e78366a6bc281777dfc8a.incomplete'
Downloading 'videos/chunk-000/observation.images.right_gripper/episode_000008.mp4' to 'demo_data/recode-bimanual-red-block-basket-v2.1/.cache/huggingface/download/videos/chunk-000/observation.images.right_gripper/ozXBYyi3uo3OHZ43QRhayUyIVcM=.6f65c66b5bfc6ea67dc88ed6f3800664f01ecd657c2acc93c5f8efcab25b49b2.incomplete'
Download complete. Moving file to demo_data/recode-bimanual-red-block-basket-v2.1/videos/chunk-000/observation.images.right_gripper/episode_000002.mp4
Downloading 'videos/chunk-000/observation.images.right_gripper/episode_000009.mp4' to 'demo_data/recode-bimanual-red-block-basket-v2.1/.cache/huggingface/download/videos/chunk-000/observation.images.right_gripper/5nRTCWQX4qbZHe4zKYRjz9zk5V4=.73db9ec2f8c18d657535e727c6134299f2246e2b7dd9e785af2d0138e4aeb596.incomplete'
Download complete. Moving file to demo_data/recode-bimanual-red-block-basket-v2.1/videos/chunk-000/observation.images.right_gripper/episode_000001.mp4
Fetching 128 files:  55%|█████▌    | 71/128 [00:06<00:05,  9.78it/s]Downloading 'videos/chunk-000/observation.images.right_gripper/episode_000010.mp4' to 'demo_data/recode-bimanual-red-block-basket-v2.1/.cache/huggingface/download/videos/chunk-000/observation.images.right_gripper/IYOKrRWlmzoXxd1aAzMBaXU5mhk=.c692bc9825486b3e89c8e0921de5912dcb2a7ae535590303b3bd3c78d53bcd67.incomplete'
Download complete. Moving file to demo_data/recode-bimanual-red-block-basket-v2.1/videos/chunk-000/observation.images.right_gripper/episode_000007.mp4
Downloading 'videos/chunk-000/observation.images.right_gripper/episode_000011.mp4' to 'demo_data/recode-bimanual-red-block-basket-v2.1/.cache/huggingface/download/videos/chunk-000/observation.images.right_gripper/Oj7USlBbvcxRmSke9L16fyiHXFc=.981e51be7735a22f001d94895f57c1b12d36b7e791cf8649467ada4d4f42e924.incomplete'
Download complete. Moving file to demo_data/recode-bimanual-red-block-basket-v2.1/videos/chunk-000/observation.images.right_gripper/episode_000008.mp4
Downloading 'videos/chunk-000/observation.images.right_gripper/episode_000012.mp4' to 'demo_data/recode-bimanual-red-block-basket-v2.1/.cache/huggingface/download/videos/chunk-000/observation.images.right_gripper/xjwvpdTnQ14E0Ss66D_p3HjUbok=.ebea76241e7b58b0132ef491ba76fc6afded526168091241b10038230a8f1c6d.incomplete'
Download complete. Moving file to demo_data/recode-bimanual-red-block-basket-v2.1/videos/chunk-000/observation.images.right_gripper/episode_000010.mp4
Download complete. Moving file to demo_data/recode-bimanual-red-block-basket-v2.1/videos/chunk-000/observation.images.right_gripper/episode_000004.mp4
Downloading 'videos/chunk-000/observation.images.right_gripper/episode_000013.mp4' to 'demo_data/recode-bimanual-red-block-basket-v2.1/.cache/huggingface/download/videos/chunk-000/observation.images.right_gripper/Wz3r7oROaqxL_Wup0ZL7mFkIv7Y=.0b82d99e13bfc9f17d1297a14c9d5e7a4f33308b0356d9402abd0f725838d5ec.incomplete'
Downloading 'videos/chunk-000/observation.images.right_gripper/episode_000014.mp4' to 'demo_data/recode-bimanual-red-block-basket-v2.1/.cache/huggingface/download/videos/chunk-000/observation.images.right_gripper/Sv8PaxdMXuwnj3w2vj5lzTdgGjw=.42fe65b966c07bf5fe7dae04f19965d634fd73dc1c45ef7f506e40a35a2ef18e.incomplete'
Download complete. Moving file to demo_data/recode-bimanual-red-block-basket-v2.1/videos/chunk-000/observation.images.right_gripper/episode_000005.mp4
Downloading 'videos/chunk-000/observation.images.right_gripper/episode_000015.mp4' to 'demo_data/recode-bimanual-red-block-basket-v2.1/.cache/huggingface/download/videos/chunk-000/observation.images.right_gripper/t-WRHkGwuZM4JEBx2ETgx3Vl-zI=.70d19fc66b57dc1201f0f14c41ae280702aab0fb2b0080ff9b1b755699d3f926.incomplete'
Download complete. Moving file to demo_data/recode-bimanual-red-block-basket-v2.1/videos/chunk-000/observation.images.right_gripper/episode_000009.mp4
Download complete. Moving file to demo_data/recode-bimanual-red-block-basket-v2.1/videos/chunk-000/observation.images.right_gripper/episode_000003.mp4
Download complete. Moving file to demo_data/recode-bimanual-red-block-basket-v2.1/videos/chunk-000/observation.images.right_gripper/episode_000006.mp4
Fetching 128 files:  59%|█████▊    | 75/128 [00:07<00:08,  6.21it/s]Downloading 'videos/chunk-000/observation.images.right_gripper/episode_000016.mp4' to 'demo_data/recode-bimanual-red-block-basket-v2.1/.cache/huggingface/download/videos/chunk-000/observation.images.right_gripper/j2iDxfGamm5mZVXgMANnv2GBmjk=.62dc74f061cd6752046f19f2771f89153ecd2aeb44478f1f0cea1f069a1744ed.incomplete'
Downloading 'videos/chunk-000/observation.images.right_gripper/episode_000018.mp4' to 'demo_data/recode-bimanual-red-block-basket-v2.1/.cache/huggingface/download/videos/chunk-000/observation.images.right_gripper/JWYej9zuSmQi1ebdIyXNtDPHrb4=.efeca05b2769ddba47df7be7aa2fa98f2b324a27ed68588981c9d1899a6bba5b.incomplete'
Download complete. Moving file to demo_data/recode-bimanual-red-block-basket-v2.1/videos/chunk-000/observation.images.right_gripper/episode_000011.mp4
Downloading 'videos/chunk-000/observation.images.right_gripper/episode_000017.mp4' to 'demo_data/recode-bimanual-red-block-basket-v2.1/.cache/huggingface/download/videos/chunk-000/observation.images.right_gripper/bQkFizHLEq-f7rV3ZUaOz659lFQ=.df313803c76f7df39282f46935b74d78c28c2c69191560b75f43196eb6ac96cc.incomplete'
Downloading 'videos/chunk-000/observation.images.right_gripper/episode_000019.mp4' to 'demo_data/recode-bimanual-red-block-basket-v2.1/.cache/huggingface/download/videos/chunk-000/observation.images.right_gripper/8MChvrUWaV6JIMgnMkNTH9eXZW4=.f87e168d8f8040dc8e9849828be3945b12417ccbe13422da59527f9e2cdcb925.incomplete'
Download complete. Moving file to demo_data/recode-bimanual-red-block-basket-v2.1/videos/chunk-000/observation.images.right_gripper/episode_000015.mp4
Downloading 'videos/chunk-000/observation.images.right_gripper/episode_000020.mp4' to 'demo_data/recode-bimanual-red-block-basket-v2.1/.cache/huggingface/download/videos/chunk-000/observation.images.right_gripper/vo7PPKLkGjKJqISzuCGIAXUZfZk=.ec027fb9a32e95afdb8fa1627ed47130ff8ce871f8212929a553dfe0c04f1fe1.incomplete'
Download complete. Moving file to demo_data/recode-bimanual-red-block-basket-v2.1/videos/chunk-000/observation.images.right_gripper/episode_000013.mp4
Download complete. Moving file to demo_data/recode-bimanual-red-block-basket-v2.1/videos/chunk-000/observation.images.right_gripper/episode_000020.mp4
Download complete. Moving file to demo_data/recode-bimanual-red-block-basket-v2.1/videos/chunk-000/observation.images.right_gripper/episode_000012.mp4
Fetching 128 files:  63%|██████▎   | 81/128 [00:08<00:07,  6.42it/s]Downloading 'videos/chunk-000/observation.images.right_gripper/episode_000021.mp4' to 'demo_data/recode-bimanual-red-block-basket-v2.1/.cache/huggingface/download/videos/chunk-000/observation.images.right_gripper/PLqGIUEhCQCxuzNkYByYH34AMSc=.ecdb65eeab441a7ac524eff374b4eda68376b90858994007069a2efc2ece846b.incomplete'
Downloading 'videos/chunk-000/observation.images.right_gripper/episode_000022.mp4' to 'demo_data/recode-bimanual-red-block-basket-v2.1/.cache/huggingface/download/videos/chunk-000/observation.images.right_gripper/CRJYeBp742y_4Cr4mLrZq0Q6jo4=.c39f6db454186c2f47316269641b010d9a502e30cfa662e1eec87cc54f81715e.incomplete'
Downloading 'videos/chunk-000/observation.images.right_gripper/episode_000023.mp4' to 'demo_data/recode-bimanual-red-block-basket-v2.1/.cache/huggingface/download/videos/chunk-000/observation.images.right_gripper/vKQnTPMWh-9rieHtW2r4d91QHCg=.52cd1f0ef39b4a8fe51c5202542e57d8968312ac47615100fbaaa92fc799bca1.incomplete'
Download complete. Moving file to demo_data/recode-bimanual-red-block-basket-v2.1/videos/chunk-000/observation.images.right_gripper/episode_000017.mp4
Download complete. Moving file to demo_data/recode-bimanual-red-block-basket-v2.1/videos/chunk-000/observation.images.right_gripper/episode_000014.mp4
Fetching 128 files:  65%|██████▍   | 83/128 [00:08<00:06,  6.91it/s]Downloading 'videos/chunk-000/observation.images.right_gripper/episode_000024.mp4' to 'demo_data/recode-bimanual-red-block-basket-v2.1/.cache/huggingface/download/videos/chunk-000/observation.images.right_gripper/QCv1K2FtjS70UZC7nxqgojyotUo=.c555acd6d84e2b8e52da49663bbd00adc26d3d3ab2f5694806f0c3522ae136a5.incomplete'
Downloading 'videos/chunk-000/observation.images.right_gripper/episode_000025.mp4' to 'demo_data/recode-bimanual-red-block-basket-v2.1/.cache/huggingface/download/videos/chunk-000/observation.images.right_gripper/gP0jZ1ODa3N3x7J2jQxJ3q2aB5w=.553b777107bffb721232ed2733d6cb398434f18939992e2f65dd09d4c8927235.incomplete'
Download complete. Moving file to demo_data/recode-bimanual-red-block-basket-v2.1/videos/chunk-000/observation.images.right_gripper/episode_000018.mp4
Downloading 'videos/chunk-000/observation.images.right_gripper/episode_000026.mp4' to 'demo_data/recode-bimanual-red-block-basket-v2.1/.cache/huggingface/download/videos/chunk-000/observation.images.right_gripper/11M6lWw__5EsDS9Z-IcB9rEN9dw=.d3a7510616de8759519469d4bb90cda09f0f413b0c7c95c4626498e65a8fc6d3.incomplete'
Download complete. Moving file to demo_data/recode-bimanual-red-block-basket-v2.1/videos/chunk-000/observation.images.right_gripper/episode_000016.mp4
Fetching 128 files:  66%|██████▋   | 85/128 [00:08<00:05,  7.17it/s]Downloading 'videos/chunk-000/observation.images.right_gripper/episode_000027.mp4' to 'demo_data/recode-bimanual-red-block-basket-v2.1/.cache/huggingface/download/videos/chunk-000/observation.images.right_gripper/ZHv8sjn_Zd0yRb7ik0TAqWsT0AE=.3b4e4dcb2af9725cbda941b770cd2758eb277afbafc93a7f1c85892e0c06b0fb.incomplete'
Download complete. Moving file to demo_data/recode-bimanual-red-block-basket-v2.1/videos/chunk-000/observation.images.right_gripper/episode_000022.mp4
Downloading 'videos/chunk-000/observation.images.right_gripper/episode_000028.mp4' to 'demo_data/recode-bimanual-red-block-basket-v2.1/.cache/huggingface/download/videos/chunk-000/observation.images.right_gripper/5G2D0IB05WHH1IjzKdFWEULp7nE=.6d39f2ba69f638b4eb377635389a04693c69ebf401179cbdc1c5e73023f9a5e8.incomplete'
Download complete. Moving file to demo_data/recode-bimanual-red-block-basket-v2.1/videos/chunk-000/observation.images.right_gripper/episode_000021.mp4
Downloading 'videos/chunk-000/observation.images.right_gripper/episode_000029.mp4' to 'demo_data/recode-bimanual-red-block-basket-v2.1/.cache/huggingface/download/videos/chunk-000/observation.images.right_gripper/TT209caBhgeegi7gtpl04L_J8CA=.8346c7276e5100b1fdff5682b2c7342b305a2472a022c6037ac6c16eb7452259.incomplete'
Download complete. Moving file to demo_data/recode-bimanual-red-block-basket-v2.1/videos/chunk-000/observation.images.right_gripper/episode_000028.mp4
Download complete. Moving file to demo_data/recode-bimanual-red-block-basket-v2.1/videos/chunk-000/observation.images.right_gripper/episode_000025.mp4
Downloading 'videos/chunk-000/observation.images.top/episode_000000.mp4' to 'demo_data/recode-bimanual-red-block-basket-v2.1/.cache/huggingface/download/videos/chunk-000/observation.images.top/imvry3h1zKp82YhY9QWZv1oVwU8=.6abfc0619614635e6a729d78ac239227ab4441bd98d9d01d538a68de86f53c75.incomplete'
Download complete. Moving file to demo_data/recode-bimanual-red-block-basket-v2.1/videos/chunk-000/observation.images.right_gripper/episode_000024.mp4
Downloading 'videos/chunk-000/observation.images.top/episode_000001.mp4' to 'demo_data/recode-bimanual-red-block-basket-v2.1/.cache/huggingface/download/videos/chunk-000/observation.images.top/5ogeEwC9AVE4EHnZMlI0DZQnERU=.bf2938570b960c50dc3224f17cd7d3e055bf88476110325ebc4b5167de6fd4e4.incomplete'
Download complete. Moving file to demo_data/recode-bimanual-red-block-basket-v2.1/videos/chunk-000/observation.images.right_gripper/episode_000026.mp4
Download complete. Moving file to demo_data/recode-bimanual-red-block-basket-v2.1/videos/chunk-000/observation.images.right_gripper/episode_000029.mp4
Downloading 'videos/chunk-000/observation.images.top/episode_000002.mp4' to 'demo_data/recode-bimanual-red-block-basket-v2.1/.cache/huggingface/download/videos/chunk-000/observation.images.top/xMvbgocDq0hz_kCVqoNglajB0rA=.008fa391da079ab223116ceab285a2ee99cc6c79424b988ae44979714dfd648c.incomplete'
Downloading 'videos/chunk-000/observation.images.top/episode_000004.mp4' to 'demo_data/recode-bimanual-red-block-basket-v2.1/.cache/huggingface/download/videos/chunk-000/observation.images.top/JtchEMKBVSF4szBBhQ_pFHao7iE=.39ec55fa0722abf3545f5bd8838c6bb44b95637aeaf1d71923ef5db9ec4c29d9.incomplete'
Downloading 'videos/chunk-000/observation.images.top/episode_000003.mp4' to 'demo_data/recode-bimanual-red-block-basket-v2.1/.cache/huggingface/download/videos/chunk-000/observation.images.top/iV5CmXd8QF-JHBkA8sFYzWpKqDQ=.d5f8eabf6e3f923ef3756b340cacaca3b2b3eabdd7ae27f05030fc70a62d4d85.incomplete'
Download complete. Moving file to demo_data/recode-bimanual-red-block-basket-v2.1/videos/chunk-000/observation.images.right_gripper/episode_000027.mp4
Download complete. Moving file to demo_data/recode-bimanual-red-block-basket-v2.1/videos/chunk-000/observation.images.right_gripper/episode_000023.mp4
Downloading 'videos/chunk-000/observation.images.top/episode_000005.mp4' to 'demo_data/recode-bimanual-red-block-basket-v2.1/.cache/huggingface/download/videos/chunk-000/observation.images.top/qx3u-hkClAjgo-ZPan0hEhsmUlo=.03e963d236835112c020ffcc72b699a1127fe8eb8429755e994d40fb972f5a8e.incomplete'
Downloading 'videos/chunk-000/observation.images.top/episode_000006.mp4' to 'demo_data/recode-bimanual-red-block-basket-v2.1/.cache/huggingface/download/videos/chunk-000/observation.images.top/BvNeSsQdfCuyiW7MclnHUKasQ1U=.ebadd13edbdd07d290fa5b19ed05e8873d4f0a773300c67e5f23ce0d2321bf32.incomplete'
Downloading 'videos/chunk-000/observation.images.top/episode_000007.mp4' to 'demo_data/recode-bimanual-red-block-basket-v2.1/.cache/huggingface/download/videos/chunk-000/observation.images.top/OlS7Fz2Qll3lulobR7dRkNXfOJ8=.b7de25fe3919edb70869c4c68ac47032391b467232b416adbdd5e8fb34e43a47.incomplete'
Downloading 'videos/chunk-000/observation.images.top/episode_000008.mp4' to 'demo_data/recode-bimanual-red-block-basket-v2.1/.cache/huggingface/download/videos/chunk-000/observation.images.top/ozXBYyi3uo3OHZ43QRhayUyIVcM=.fb0d8c86012efb8cfee008533d1304b5e2e5500d76ab0db783b497212f4cc36a.incomplete'
Download complete. Moving file to demo_data/recode-bimanual-red-block-basket-v2.1/videos/chunk-000/observation.images.top/episode_000000.mp4
Downloading 'videos/chunk-000/observation.images.top/episode_000009.mp4' to 'demo_data/recode-bimanual-red-block-basket-v2.1/.cache/huggingface/download/videos/chunk-000/observation.images.top/5nRTCWQX4qbZHe4zKYRjz9zk5V4=.6f2ef02eedcfd330fe1334c642e84ca8bea9d3942eab91d6e7a00e15de826a38.incomplete'
Downloading 'videos/chunk-000/observation.images.top/episode_000010.mp4' to 'demo_data/recode-bimanual-red-block-basket-v2.1/.cache/huggingface/download/videos/chunk-000/observation.images.top/IYOKrRWlmzoXxd1aAzMBaXU5mhk=.be616c9b7c437c08c8d403cc5b340f948f15030d7491a5a6e9f82325385309ed.incomplete'
Download complete. Moving file to demo_data/recode-bimanual-red-block-basket-v2.1/videos/chunk-000/observation.images.right_gripper/episode_000019.mp4
Fetching 128 files:  69%|██████▉   | 88/128 [00:09<00:07,  5.63it/s]Downloading 'videos/chunk-000/observation.images.top/episode_000011.mp4' to 'demo_data/recode-bimanual-red-block-basket-v2.1/.cache/huggingface/download/videos/chunk-000/observation.images.top/Oj7USlBbvcxRmSke9L16fyiHXFc=.42502b26e1aec090a15dd08af7503c85244837372b4917aee4b8d7d5736d33bc.incomplete'
Downloading 'videos/chunk-000/observation.images.top/episode_000013.mp4' to 'demo_data/recode-bimanual-red-block-basket-v2.1/.cache/huggingface/download/videos/chunk-000/observation.images.top/Wz3r7oROaqxL_Wup0ZL7mFkIv7Y=.dcef5134e432e5c863c67f62b7adf15d560545ca3b246d25b41e61d1310e178b.incomplete'
Downloading 'videos/chunk-000/observation.images.top/episode_000012.mp4' to 'demo_data/recode-bimanual-red-block-basket-v2.1/.cache/huggingface/download/videos/chunk-000/observation.images.top/xjwvpdTnQ14E0Ss66D_p3HjUbok=.78db3396103b863b4b59a9546a9aa4042a108ea2a043489b28500e69ea85324c.incomplete'
Downloading 'videos/chunk-000/observation.images.top/episode_000014.mp4' to 'demo_data/recode-bimanual-red-block-basket-v2.1/.cache/huggingface/download/videos/chunk-000/observation.images.top/Sv8PaxdMXuwnj3w2vj5lzTdgGjw=.7385a9ec3b12b1bcefcdc02aab94fcc4b9727ff01e12abbfc1b46c718504f5ed.incomplete'
Downloading 'videos/chunk-000/observation.images.top/episode_000015.mp4' to 'demo_data/recode-bimanual-red-block-basket-v2.1/.cache/huggingface/download/videos/chunk-000/observation.images.top/t-WRHkGwuZM4JEBx2ETgx3Vl-zI=.75e3b7dfe35228311037b6a21363b15bc56ac1046b7a2fe4b86745518036c1a7.incomplete'
Downloading 'videos/chunk-000/observation.images.top/episode_000016.mp4' to 'demo_data/recode-bimanual-red-block-basket-v2.1/.cache/huggingface/download/videos/chunk-000/observation.images.top/j2iDxfGamm5mZVXgMANnv2GBmjk=.31a19795e0b59d2def2888c2b6e9693276536fed61bc8f0721e373f0e425ac8b.incomplete'
Downloading 'videos/chunk-000/observation.images.top/episode_000018.mp4' to 'demo_data/recode-bimanual-red-block-basket-v2.1/.cache/huggingface/download/videos/chunk-000/observation.images.top/JWYej9zuSmQi1ebdIyXNtDPHrb4=.f6622ed6dbce32108dc47aafd9a5b195203d2357edc71bd68bd65e9e176ebb5a.incomplete'
Downloading 'videos/chunk-000/observation.images.top/episode_000019.mp4' to 'demo_data/recode-bimanual-red-block-basket-v2.1/.cache/huggingface/download/videos/chunk-000/observation.images.top/8MChvrUWaV6JIMgnMkNTH9eXZW4=.006f986bf6863b03320484f5ebf2eb6abb4e207563045e4db14ea180de44c938.incomplete'
Downloading 'videos/chunk-000/observation.images.top/episode_000017.mp4' to 'demo_data/recode-bimanual-red-block-basket-v2.1/.cache/huggingface/download/videos/chunk-000/observation.images.top/bQkFizHLEq-f7rV3ZUaOz659lFQ=.660b3cef37e72fada2fb0eea42b6e145023ad3cdb7c6b98db565b78175d8415d.incomplete'
Download complete. Moving file to demo_data/recode-bimanual-red-block-basket-v2.1/videos/chunk-000/observation.images.top/episode_000001.mp4
Fetching 128 files:  78%|███████▊  | 100/128 [00:09<00:02, 11.17it/s]Downloading 'videos/chunk-000/observation.images.top/episode_000020.mp4' to 'demo_data/recode-bimanual-red-block-basket-v2.1/.cache/huggingface/download/videos/chunk-000/observation.images.top/vo7PPKLkGjKJqISzuCGIAXUZfZk=.adc0935cabad1c8ea3c5131941e93125d6fd8f838cf9caa9ca13ea4b72694a7d.incomplete'
Downloading 'videos/chunk-000/observation.images.top/episode_000021.mp4' to 'demo_data/recode-bimanual-red-block-basket-v2.1/.cache/huggingface/download/videos/chunk-000/observation.images.top/PLqGIUEhCQCxuzNkYByYH34AMSc=.1c517caf84eda41fbef94fe2989a4be5d283fb1560e1be2a2d6e37da661f24a6.incomplete'
Downloading 'videos/chunk-000/observation.images.top/episode_000024.mp4' to 'demo_data/recode-bimanual-red-block-basket-v2.1/.cache/huggingface/download/videos/chunk-000/observation.images.top/QCv1K2FtjS70UZC7nxqgojyotUo=.a54ac2cd8af15ee757ab81d980722557b36abb4ce7ad31c7c69b8e8af6880ca2.incomplete'
Downloading 'videos/chunk-000/observation.images.top/episode_000022.mp4' to 'demo_data/recode-bimanual-red-block-basket-v2.1/.cache/huggingface/download/videos/chunk-000/observation.images.top/CRJYeBp742y_4Cr4mLrZq0Q6jo4=.40219c818c44cd967de08016f5742339d66a990c1028167a73ce0940292eb098.incomplete'
Downloading 'videos/chunk-000/observation.images.top/episode_000023.mp4' to 'demo_data/recode-bimanual-red-block-basket-v2.1/.cache/huggingface/download/videos/chunk-000/observation.images.top/vKQnTPMWh-9rieHtW2r4d91QHCg=.bf73585103b231954f7c42c7b35c8095000030228d2d861a9f0c75edd3bfd65f.incomplete'
Downloading 'videos/chunk-000/observation.images.top/episode_000025.mp4' to 'demo_data/recode-bimanual-red-block-basket-v2.1/.cache/huggingface/download/videos/chunk-000/observation.images.top/gP0jZ1ODa3N3x7J2jQxJ3q2aB5w=.e7e23abd239a9bfbbfba02ba5a266749090f1bb530025867ac543c05c56e7e5a.incomplete'
Downloading 'videos/chunk-000/observation.images.top/episode_000026.mp4' to 'demo_data/recode-bimanual-red-block-basket-v2.1/.cache/huggingface/download/videos/chunk-000/observation.images.top/11M6lWw__5EsDS9Z-IcB9rEN9dw=.e6495e026ebb7d0cdfa5d3cd7f8e91fc606fce2e5d72be339a3f7a0b708b9837.incomplete'
Downloading 'videos/chunk-000/observation.images.top/episode_000028.mp4' to 'demo_data/recode-bimanual-red-block-basket-v2.1/.cache/huggingface/download/videos/chunk-000/observation.images.top/5G2D0IB05WHH1IjzKdFWEULp7nE=.9f024752127be574757c74edb15b5ec839c185c9059b2b0090287a707c0fc1c9.incomplete'
Downloading 'videos/chunk-000/observation.images.top/episode_000027.mp4' to 'demo_data/recode-bimanual-red-block-basket-v2.1/.cache/huggingface/download/videos/chunk-000/observation.images.top/ZHv8sjn_Zd0yRb7ik0TAqWsT0AE=.38f6550dcbc0195c42cc25babe031e7025be0a212f4aed75e685fa6329987a2f.incomplete'
Downloading 'videos/chunk-000/observation.images.top/episode_000029.mp4' to 'demo_data/recode-bimanual-red-block-basket-v2.1/.cache/huggingface/download/videos/chunk-000/observation.images.top/TT209caBhgeegi7gtpl04L_J8CA=.05a1888f77774e9181d44ebbee56972901e2b8b247b167600f00071244613b10.incomplete'
Download complete. Moving file to demo_data/recode-bimanual-red-block-basket-v2.1/videos/chunk-000/observation.images.top/episode_000004.mp4
Download complete. Moving file to demo_data/recode-bimanual-red-block-basket-v2.1/videos/chunk-000/observation.images.top/episode_000005.mp4
Download complete. Moving file to demo_data/recode-bimanual-red-block-basket-v2.1/videos/chunk-000/observation.images.top/episode_000003.mp4
Download complete. Moving file to demo_data/recode-bimanual-red-block-basket-v2.1/videos/chunk-000/observation.images.top/episode_000002.mp4
Fetching 128 files:  80%|███████▉  | 102/128 [00:12<00:05,  4.46it/s]Fetching 128 files:  81%|████████▏ | 104/128 [00:12<00:02,  8.41it/s]
Traceback (most recent call last):
  File "/tmp/job.40852.markov2/venv/lib/python3.10/site-packages/huggingface_hub/utils/_http.py", line 402, in hf_raise_for_status
    response.raise_for_status()
  File "/tmp/job.40852.markov2/venv/lib/python3.10/site-packages/requests/models.py", line 1026, in raise_for_status
    raise HTTPError(http_error_msg, response=self)
requests.exceptions.HTTPError: 429 Client Error: Too Many Requests for url: https://huggingface.co/api/datasets/YieumYoon/recode-bimanual-red-block-basket-v2.1/xet-read-token/3c6303d3e29a72b148df7e2f6418726b1cad4dc9

The above exception was the direct cause of the following exception:

Traceback (most recent call last):
  File "/tmp/job.40852.markov2/venv/bin/hf", line 7, in <module>
    sys.exit(main())
  File "/tmp/job.40852.markov2/venv/lib/python3.10/site-packages/huggingface_hub/cli/hf.py", line 59, in main
    service.run()
  File "/tmp/job.40852.markov2/venv/lib/python3.10/site-packages/huggingface_hub/cli/download.py", line 136, in run
    print(self._download())  # Print path to downloaded files
  File "/tmp/job.40852.markov2/venv/lib/python3.10/site-packages/huggingface_hub/cli/download.py", line 169, in _download
    return snapshot_download(
  File "/tmp/job.40852.markov2/venv/lib/python3.10/site-packages/huggingface_hub/utils/_validators.py", line 114, in _inner_fn
    return fn(*args, **kwargs)
  File "/tmp/job.40852.markov2/venv/lib/python3.10/site-packages/huggingface_hub/_snapshot_download.py", line 332, in snapshot_download
    thread_map(
  File "/tmp/job.40852.markov2/venv/lib/python3.10/site-packages/tqdm/contrib/concurrent.py", line 69, in thread_map
    return _executor_map(ThreadPoolExecutor, fn, *iterables, **tqdm_kwargs)
  File "/tmp/job.40852.markov2/venv/lib/python3.10/site-packages/tqdm/contrib/concurrent.py", line 51, in _executor_map
    return list(tqdm_class(ex.map(fn, *iterables, chunksize=chunksize), **kwargs))
  File "/tmp/job.40852.markov2/venv/lib/python3.10/site-packages/tqdm/std.py", line 1181, in __iter__
    for obj in iterable:
  File "/usr/local/easybuild_allnodes/software/Python/3.10.8-GCCcore-12.2.0/lib/python3.10/concurrent/futures/_base.py", line 621, in result_iterator
    yield _result_or_cancel(fs.pop())
  File "/usr/local/easybuild_allnodes/software/Python/3.10.8-GCCcore-12.2.0/lib/python3.10/concurrent/futures/_base.py", line 319, in _result_or_cancel
    return fut.result(timeout)
  File "/usr/local/easybuild_allnodes/software/Python/3.10.8-GCCcore-12.2.0/lib/python3.10/concurrent/futures/_base.py", line 451, in result
    return self.__get_result()
  File "/usr/local/easybuild_allnodes/software/Python/3.10.8-GCCcore-12.2.0/lib/python3.10/concurrent/futures/_base.py", line 403, in __get_result
    raise self._exception
  File "/usr/local/easybuild_allnodes/software/Python/3.10.8-GCCcore-12.2.0/lib/python3.10/concurrent/futures/thread.py", line 58, in run
    result = self.fn(*self.args, **self.kwargs)
  File "/tmp/job.40852.markov2/venv/lib/python3.10/site-packages/huggingface_hub/_snapshot_download.py", line 306, in _inner_hf_hub_download
    return hf_hub_download(
  File "/tmp/job.40852.markov2/venv/lib/python3.10/site-packages/huggingface_hub/utils/_validators.py", line 114, in _inner_fn
    return fn(*args, **kwargs)
  File "/tmp/job.40852.markov2/venv/lib/python3.10/site-packages/huggingface_hub/file_download.py", line 987, in hf_hub_download
    return _hf_hub_download_to_local_dir(
  File "/tmp/job.40852.markov2/venv/lib/python3.10/site-packages/huggingface_hub/file_download.py", line 1297, in _hf_hub_download_to_local_dir
    _download_to_tmp_and_move(
  File "/tmp/job.40852.markov2/venv/lib/python3.10/site-packages/huggingface_hub/file_download.py", line 1720, in _download_to_tmp_and_move
    xet_get(
  File "/tmp/job.40852.markov2/venv/lib/python3.10/site-packages/huggingface_hub/file_download.py", line 591, in xet_get
    connection_info = refresh_xet_connection_info(file_data=xet_file_data, headers=headers)
  File "/tmp/job.40852.markov2/venv/lib/python3.10/site-packages/huggingface_hub/utils/_validators.py", line 114, in _inner_fn
    return fn(*args, **kwargs)
  File "/tmp/job.40852.markov2/venv/lib/python3.10/site-packages/huggingface_hub/utils/_xet.py", line 116, in refresh_xet_connection_info
    return _fetch_xet_connection_info_with_url(file_data.refresh_route, headers)
  File "/tmp/job.40852.markov2/venv/lib/python3.10/site-packages/huggingface_hub/utils/_validators.py", line 114, in _inner_fn
    return fn(*args, **kwargs)
  File "/tmp/job.40852.markov2/venv/lib/python3.10/site-packages/huggingface_hub/utils/_xet.py", line 187, in _fetch_xet_connection_info_with_url
    hf_raise_for_status(resp)
  File "/tmp/job.40852.markov2/venv/lib/python3.10/site-packages/huggingface_hub/utils/_http.py", line 475, in hf_raise_for_status
    raise _format(HfHubHTTPError, str(e), response) from e
huggingface_hub.errors.HfHubHTTPError: 429 Client Error: Too Many Requests for url: https://huggingface.co/api/datasets/YieumYoon/recode-bimanual-red-block-basket-v2.1/xet-read-token/3c6303d3e29a72b148df7e2f6418726b1cad4dc9 (Request ID: Root=1-68fd01fb-14fb2cb005e7b28c59eddd3f;5e8f444c-7450-4d56-a4e6-4b0f8e9cc7ca)

We had to rate limit your IP (129.22.100.134). To continue using our service, create a HF account or login to your existing account, and make sure you pass a HF_TOKEN if you're using the API.
